<?xml version="1.0" encoding="UTF-8"?>
<!-- Generated by org.testng.reporters.JUnitXMLReporter -->
<testsuite hostname="sipl-124" name="Default test" tests="5" failures="0" timestamp="7 Aug 2020 10:40:26 GMT" time="11.507" errors="0">
  <testcase name="postStationWithKey" time="9.243" classname="API_Scenario.api"/>
  <testcase name="getStation" time="0.82" classname="API_Scenario.api"/>
  <testcase name="deleteRequest" time="0.602" classname="API_Scenario.api"/>
  <testcase name="getdeleteRequest" time="0.615" classname="API_Scenario.api"/>
  <testcase name="getStationWithoutKey" time="0.155" classname="API_Scenario.api"/>
</testsuite> <!-- Default test -->
